0:0:0:0:0:0:0:1 - - [01/Mar/2018:17:04:31 +0700] "GET /x-member/docs/ HTTP/1.1" 404 - 0.000
0:0:0:0:0:0:0:1 - - [01/Mar/2018:17:04:51 +0700] "GET /cas-authentication HTTP/1.1" 302 - 0.000
0:0:0:0:0:0:0:1 - - [01/Mar/2018:17:04:52 +0700] "GET /cas-authentication/ HTTP/1.1" 302 - 0.260
0:0:0:0:0:0:0:1 - - [01/Mar/2018:17:05:02 +0700] "GET /cas-authentication/login/cas?ticket=ST-395-CpCdRPfsSexoMENbA7Oh-cas01.example.org HTTP/1.1" 302 - 0.376
0:0:0:0:0:0:0:1 - - [01/Mar/2018:17:05:02 +0700] "GET /cas-authentication/ HTTP/1.1" 404 306 0.096
0:0:0:0:0:0:0:1 - - [01/Mar/2018:17:05:13 +0700] "GET /cas-authentication/login/cas?ticket=ST-396-vbhm0ndbTV9AIyikcc5Q-cas01.example.org HTTP/1.1" 302 - 0.196
0:0:0:0:0:0:0:1 - - [01/Mar/2018:17:05:13 +0700] "GET /cas-authentication/ HTTP/1.1" 404 306 0.020
0:0:0:0:0:0:0:1 - - [01/Mar/2018:17:05:38 +0700] "GET /cas-authentication HTTP/1.1" 302 - 0.000
0:0:0:0:0:0:0:1 - - [01/Mar/2018:17:05:38 +0700] "GET /cas-authentication/ HTTP/1.1" 404 306 0.012
0:0:0:0:0:0:0:1 - - [01/Mar/2018:17:05:44 +0700] "GET /cas-authentication HTTP/1.1" 302 - 0.000
0:0:0:0:0:0:0:1 - - [01/Mar/2018:17:05:44 +0700] "GET /cas-authentication/ HTTP/1.1" 404 306 0.009
0:0:0:0:0:0:0:1 - - [01/Mar/2018:17:06:59 +0700] "GET /cas-authentication HTTP/1.1" 302 - 0.000
0:0:0:0:0:0:0:1 - - [01/Mar/2018:17:06:59 +0700] "GET /cas-authentication/ HTTP/1.1" 404 306 0.010
0:0:0:0:0:0:0:1 - - [01/Mar/2018:17:06:59 +0700] "GET /cas-authentication/ HTTP/1.1" 404 306 0.010
0:0:0:0:0:0:0:1 - - [01/Mar/2018:17:07:15 +0700] "GET /cas-authentication/ HTTP/1.1" 302 - 0.006
0:0:0:0:0:0:0:1 - - [01/Mar/2018:17:07:44 +0700] "GET /x-member/docs/ HTTP/1.1" 404 - 0.000
0:0:0:0:0:0:0:1 - - [01/Mar/2018:17:08:04 +0700] "GET /cas-authentication HTTP/1.1" 302 - 0.000
0:0:0:0:0:0:0:1 - - [01/Mar/2018:17:08:04 +0700] "GET /cas-authentication/ HTTP/1.1" 302 - 0.004
0:0:0:0:0:0:0:1 - - [01/Mar/2018:17:08:05 +0700] "GET /cas-authentication/ HTTP/1.1" 302 - 0.003
0:0:0:0:0:0:0:1 - - [01/Mar/2018:17:08:59 +0700] "GET /cas-authentication HTTP/1.1" 302 - 0.000
0:0:0:0:0:0:0:1 - - [01/Mar/2018:17:08:59 +0700] "GET /cas-authentication/ HTTP/1.1" 302 - 0.005
0:0:0:0:0:0:0:1 - - [01/Mar/2018:17:09:59 +0700] "GET /cas-authentication/ HTTP/1.1" 302 - 0.004
0:0:0:0:0:0:0:1 - - [01/Mar/2018:17:25:52 +0700] "GET /x-member/docs/ HTTP/1.1" 404 - 0.000
0:0:0:0:0:0:0:1 - - [01/Mar/2018:17:26:22 +0700] "GET /cas-authentication HTTP/1.1" 302 - 0.000
0:0:0:0:0:0:0:1 - - [01/Mar/2018:17:26:22 +0700] "GET /cas-authentication/ HTTP/1.1" 404 306 0.155
0:0:0:0:0:0:0:1 - - [01/Mar/2018:17:29:24 +0700] "GET /cas-authentication/login HTTP/1.1" 302 - 0.042
0:0:0:0:0:0:0:1 - - [01/Mar/2018:17:29:24 +0700] "GET /cas-authentication/login/cas?ticket=ST-397-xjPpWgj7SpmtKlJwIFzR-cas01.example.org HTTP/1.1" 302 - 0.191
0:0:0:0:0:0:0:1 - - [01/Mar/2018:17:29:24 +0700] "GET /cas-authentication/login HTTP/1.1" 302 - 0.012
0:0:0:0:0:0:0:1 - - [01/Mar/2018:17:29:24 +0700] "GET /cas-authentication/secured HTTP/1.1" 404 306 0.024
0:0:0:0:0:0:0:1 - - [01/Mar/2018:17:29:38 +0700] "GET /cas-authentication/ HTTP/1.1" 404 306 0.010
0:0:0:0:0:0:0:1 - - [01/Mar/2018:17:29:43 +0700] "GET /cas-authentication HTTP/1.1" 302 - 0.000
0:0:0:0:0:0:0:1 - - [01/Mar/2018:17:29:43 +0700] "GET /cas-authentication/ HTTP/1.1" 404 306 0.010
0:0:0:0:0:0:0:1 - - [01/Mar/2018:17:52:24 +0700] "GET /x-member/docs/ HTTP/1.1" 404 - 0.000
0:0:0:0:0:0:0:1 - - [01/Mar/2018:17:52:44 +0700] "GET /cas-authentication HTTP/1.1" 302 - 0.000
0:0:0:0:0:0:0:1 - - [01/Mar/2018:17:52:44 +0700] "GET /cas-authentication/ HTTP/1.1" 404 306 0.170
0:0:0:0:0:0:0:1 - - [01/Mar/2018:17:53:01 +0700] "GET /cas-authentication/login HTTP/1.1" 302 - 0.043
0:0:0:0:0:0:0:1 - - [01/Mar/2018:17:53:35 +0700] "GET /cas-authentication/login HTTP/1.1" 302 - 0.012
0:0:0:0:0:0:0:1 - - [01/Mar/2018:17:53:56 +0700] "GET /cas-authentication/login/cas?ticket=ST-401-NwNCAcesR7kfNZMEw29r-cas01.example.org HTTP/1.1" 302 - 0.196
0:0:0:0:0:0:0:1 - - [01/Mar/2018:17:53:56 +0700] "GET /cas-authentication/login HTTP/1.1" 302 - 0.009
0:0:0:0:0:0:0:1 - - [01/Mar/2018:17:53:56 +0700] "GET /cas-authentication/secured HTTP/1.1" 404 306 0.023
0:0:0:0:0:0:0:1 - - [01/Mar/2018:17:54:36 +0700] "GET /cas-authentication/secured HTTP/1.1" 404 306 0.016
0:0:0:0:0:0:0:1 - - [01/Mar/2018:18:10:06 +0700] "GET /cas-authentication/login HTTP/1.1" 302 - 0.190
0:0:0:0:0:0:0:1 - - [01/Mar/2018:18:10:06 +0700] "GET /cas-authentication/login/cas?ticket=ST-403-D6rwllDXra5CVcRZdg2m-cas01.example.org HTTP/1.1" 302 - 0.209
0:0:0:0:0:0:0:1 - - [01/Mar/2018:18:10:06 +0700] "GET /cas-authentication/login HTTP/1.1" 302 - 0.043
0:0:0:0:0:0:0:1 - - [01/Mar/2018:18:10:08 +0700] "GET /cas-authentication/secured HTTP/1.1" 500 347 1.008
0:0:0:0:0:0:0:1 - - [01/Mar/2018:18:14:40 +0700] "GET /cas-authentication/login HTTP/1.1" 302 - 0.170
0:0:0:0:0:0:0:1 - - [01/Mar/2018:18:14:41 +0700] "GET /cas-authentication/login/cas?ticket=ST-405-qAtRMnuhn4OK2WcO6yJF-cas01.example.org HTTP/1.1" 302 - 0.179
0:0:0:0:0:0:0:1 - - [01/Mar/2018:18:14:41 +0700] "GET /cas-authentication/login HTTP/1.1" 302 - 0.039
0:0:0:0:0:0:0:1 - - [01/Mar/2018:18:14:41 +0700] "GET /cas-authentication/secured HTTP/1.1" 500 820 0.089
0:0:0:0:0:0:0:1 - - [01/Mar/2018:18:27:17 +0700] "GET /cas-authentication/ HTTP/1.1" 404 796 0.019
0:0:0:0:0:0:0:1 - - [01/Mar/2018:18:27:22 +0700] "GET /cas-authentication HTTP/1.1" 302 - 0.000
0:0:0:0:0:0:0:1 - - [01/Mar/2018:18:27:22 +0700] "GET /cas-authentication/ HTTP/1.1" 404 796 0.015
0:0:0:0:0:0:0:1 - - [01/Mar/2018:18:27:23 +0700] "GET /cas-authentication/ HTTP/1.1" 404 796 0.010
0:0:0:0:0:0:0:1 - - [01/Mar/2018:18:27:28 +0700] "GET /cas-authentication/login HTTP/1.1" 302 - 0.003
0:0:0:0:0:0:0:1 - - [01/Mar/2018:18:27:28 +0700] "GET /cas-authentication/secured HTTP/1.1" 500 820 0.011
0:0:0:0:0:0:0:1 - - [02/Mar/2018:17:33:05 +0700] "GET /x-member/docs/ HTTP/1.1" 404 - 0.000
0:0:0:0:0:0:0:1 - - [02/Mar/2018:17:33:24 +0700] "GET /cas-authentication/login HTTP/1.1" 302 - 0.312
0:0:0:0:0:0:0:1 - - [02/Mar/2018:17:33:32 +0700] "GET /cas-authentication/login/cas?ticket=ST-424-CB4bYqSInH1XVEWUdQU1-cas01.example.org HTTP/1.1" 302 - 0.345
0:0:0:0:0:0:0:1 - - [02/Mar/2018:17:33:32 +0700] "GET /cas-authentication/login HTTP/1.1" 302 - 0.062
0:0:0:0:0:0:0:1 - - [02/Mar/2018:17:33:32 +0700] "GET /cas-authentication/secured HTTP/1.1" 500 820 0.167
0:0:0:0:0:0:0:1 - - [02/Mar/2018:17:33:33 +0700] "GET /favicon.ico HTTP/1.1" 404 - 0.000
0:0:0:0:0:0:0:1 - - [02/Mar/2018:17:44:37 +0700] "GET /cas-authentication/secured HTTP/1.1" 302 - 0.130
0:0:0:0:0:0:0:1 - - [02/Mar/2018:17:44:38 +0700] "GET /cas-authentication/login/cas?ticket=ST-425-QdYsah4nQRWihbMMnXpc-cas01.example.org HTTP/1.1" 302 - 0.203
0:0:0:0:0:0:0:1 - - [02/Mar/2018:17:44:38 +0700] "GET /cas-authentication/login HTTP/1.1" 302 - 0.011
0:0:0:0:0:0:0:1 - - [02/Mar/2018:17:44:39 +0700] "GET /cas-authentication/secured HTTP/1.1" 500 347 0.237
0:0:0:0:0:0:0:1 - - [02/Mar/2018:17:44:39 +0700] "GET /cas-authentication/secured HTTP/1.1" 500 347 1.035
0:0:0:0:0:0:0:1 - - [02/Mar/2018:17:44:51 +0700] "GET /x-member/docs/ HTTP/1.1" 404 - 0.000
0:0:0:0:0:0:0:1 - - [02/Mar/2018:17:44:59 +0700] "GET /cas-authentication/login HTTP/1.1" 302 - 0.007
0:0:0:0:0:0:0:1 - - [02/Mar/2018:17:45:09 +0700] "GET /cas-authentication/login/cas?ticket=ST-426-CmSTPXWcxDe0hqkEfZ0y-cas01.example.org HTTP/1.1" 302 - 0.153
0:0:0:0:0:0:0:1 - - [02/Mar/2018:17:45:09 +0700] "GET /cas-authentication/login HTTP/1.1" 302 - 0.006
0:0:0:0:0:0:0:1 - - [02/Mar/2018:17:45:09 +0700] "GET /cas-authentication/secured HTTP/1.1" 500 347 0.026
0:0:0:0:0:0:0:1 - - [05/Mar/2018:11:59:59 +0700] "GET /x-member/docs/ HTTP/1.1" 404 - 0.000
0:0:0:0:0:0:0:1 - - [05/Mar/2018:12:11:57 +0700] "GET /cas-authentication/login HTTP/1.1" 302 - 0.303
0:0:0:0:0:0:0:1 - - [05/Mar/2018:12:12:05 +0700] "GET /cas-authentication/login/cas?ticket=ST-456-KtgiPK3ocmJ5byKuLIkI-cas01.example.org HTTP/1.1" 302 - 0.360
0:0:0:0:0:0:0:1 - - [05/Mar/2018:12:12:05 +0700] "GET /cas-authentication/login HTTP/1.1" 302 - 0.053
0:0:0:0:0:0:0:1 - - [05/Mar/2018:12:12:05 +0700] "GET /cas-authentication/secured HTTP/1.1" 404 306 0.129
0:0:0:0:0:0:0:1 - - [05/Mar/2018:12:12:05 +0700] "GET /favicon.ico HTTP/1.1" 404 - 0.000
0:0:0:0:0:0:0:1 - - [05/Mar/2018:12:22:35 +0700] "GET /x-member/docs/ HTTP/1.1" 404 - 0.000
0:0:0:0:0:0:0:1 - - [05/Mar/2018:12:22:41 +0700] "GET /cas-authentication/login HTTP/1.1" 302 - 0.147
0:0:0:0:0:0:0:1 - - [05/Mar/2018:12:22:48 +0700] "GET /cas-authentication/login/cas?ticket=ST-457-Vtk2xMPaW1aJPdKRCWCi-cas01.example.org HTTP/1.1" 302 - 0.229
0:0:0:0:0:0:0:1 - - [05/Mar/2018:12:22:48 +0700] "GET /cas-authentication/login HTTP/1.1" 302 - 0.039
0:0:0:0:0:0:0:1 - - [05/Mar/2018:12:22:48 +0700] "GET /cas-authentication/secured HTTP/1.1" 404 306 0.069
0:0:0:0:0:0:0:1 - - [05/Mar/2018:12:36:21 +0700] "GET /x-member/docs/ HTTP/1.1" 404 - 0.000
0:0:0:0:0:0:0:1 - - [05/Mar/2018:12:36:26 +0700] "GET /cas-authentication/login HTTP/1.1" 302 - 0.137
0:0:0:0:0:0:0:1 - - [05/Mar/2018:12:36:26 +0700] "GET /cas-authentication/login HTTP/1.1" 302 - 0.007
0:0:0:0:0:0:0:1 - - [05/Mar/2018:12:36:26 +0700] "GET /cas-authentication/login/cas?ticket=ST-459-QlJC7MSp14m669dngNbc-cas01.example.org HTTP/1.1" 302 - 0.200
0:0:0:0:0:0:0:1 - - [05/Mar/2018:12:36:26 +0700] "GET /cas-authentication/login HTTP/1.1" 302 - 0.053
0:0:0:0:0:0:0:1 - - [05/Mar/2018:12:36:26 +0700] "GET /cas-authentication/secured HTTP/1.1" 404 306 0.068
0:0:0:0:0:0:0:1 - - [05/Mar/2018:12:36:26 +0700] "GET /cas-authentication/login/cas?ticket=ST-460-x3NVp7amWEbbbjNn2Mvu-cas01.example.org HTTP/1.1" 302 - 0.108
0:0:0:0:0:0:0:1 - - [05/Mar/2018:12:36:26 +0700] "GET /cas-authentication/ HTTP/1.1" 404 306 0.008
0:0:0:0:0:0:0:1 - - [05/Mar/2018:12:36:32 +0700] "GET /cas-authentication/login HTTP/1.1" 302 - 0.004
0:0:0:0:0:0:0:1 - - [05/Mar/2018:12:36:32 +0700] "GET /cas-authentication/secured HTTP/1.1" 404 306 0.010
0:0:0:0:0:0:0:1 - - [05/Mar/2018:12:44:20 +0700] "GET /cas-authentication/login HTTP/1.1" 302 - 0.112
0:0:0:0:0:0:0:1 - - [05/Mar/2018:12:44:21 +0700] "GET /cas-authentication/login/cas?ticket=ST-461-t3hSeNJ7dvxZZ5Bytbb2-cas01.example.org HTTP/1.1" 302 - 0.207
0:0:0:0:0:0:0:1 - - [05/Mar/2018:12:44:21 +0700] "GET /cas-authentication/login HTTP/1.1" 302 - 0.058
0:0:0:0:0:0:0:1 - - [05/Mar/2018:12:44:21 +0700] "GET /cas-authentication/secured HTTP/1.1" 404 306 0.064
