[2018-03-05T12:44:06,970+07:00]  INFO 1130 --- [main] ationConfigEmbeddedWebApplicationContext : Refreshing org.springframework.boot.context.embedded.AnnotationConfigEmbeddedWebApplicationContext@6a01e23: startup date [Mon Mar 05 12:44:06 WIB 2018]; root of context hierarchy
[2018-03-05T12:44:08,892+07:00]  INFO 1130 --- [main] s.b.c.e.t.TomcatEmbeddedServletContainer : Tomcat initialized with port(s): 8080 (http)
[2018-03-05T12:44:09,059+07:00]  INFO 1130 --- [localhost-startStop-1] o.s.web.context.ContextLoader            : Root WebApplicationContext: initialization completed in 2089 ms
[2018-03-05T12:44:09,689+07:00]  INFO 1130 --- [localhost-startStop-1] o.s.b.w.servlet.FilterRegistrationBean   : Mapping filter: 'characterEncodingFilter' to: [/*]
[2018-03-05T12:44:09,690+07:00]  INFO 1130 --- [localhost-startStop-1] o.s.b.w.servlet.FilterRegistrationBean   : Mapping filter: 'hiddenHttpMethodFilter' to: [/*]
[2018-03-05T12:44:09,690+07:00]  INFO 1130 --- [localhost-startStop-1] o.s.b.w.servlet.FilterRegistrationBean   : Mapping filter: 'httpPutFormContentFilter' to: [/*]
[2018-03-05T12:44:09,690+07:00]  INFO 1130 --- [localhost-startStop-1] o.s.b.w.servlet.FilterRegistrationBean   : Mapping filter: 'requestContextFilter' to: [/*]
[2018-03-05T12:44:09,691+07:00]  INFO 1130 --- [localhost-startStop-1] .s.DelegatingFilterProxyRegistrationBean : Mapping filter: 'springSecurityFilterChain' to: [/*]
[2018-03-05T12:44:09,691+07:00]  INFO 1130 --- [localhost-startStop-1] o.s.b.w.servlet.FilterRegistrationBean   : Mapping filter: 'logoutFilter' to: [/*]
[2018-03-05T12:44:09,692+07:00]  INFO 1130 --- [localhost-startStop-1] o.s.b.w.servlet.FilterRegistrationBean   : Mapping filter: 'singleSignOutFilter' to: [/*]
[2018-03-05T12:44:09,692+07:00]  INFO 1130 --- [localhost-startStop-1] o.s.b.w.servlet.FilterRegistrationBean   : Mapping filter: 'casAuthenticationFilter' to: [/*]
[2018-03-05T12:44:09,692+07:00]  INFO 1130 --- [localhost-startStop-1] o.s.b.w.servlet.ServletRegistrationBean  : Mapping servlet: 'dispatcherServlet' to [/]
[2018-03-05T12:44:10,018+07:00]  INFO 1130 --- [main] o.s.s.web.DefaultSecurityFilterChain     : Creating filter chain: org.springframework.security.web.util.matcher.AnyRequestMatcher@1, [org.springframework.security.web.context.request.async.WebAsyncManagerIntegrationFilter@47d93e0d, org.springframework.security.web.context.SecurityContextPersistenceFilter@344561e0, org.springframework.security.web.header.HeaderWriterFilter@5305c37d, org.springframework.security.web.authentication.logout.LogoutFilter@7a73fbd2, org.springframework.security.web.authentication.logout.LogoutFilter@72bca894, org.jasig.cas.client.session.SingleSignOutFilter@2f47e3c9, org.springframework.security.web.authentication.www.BasicAuthenticationFilter@62c5bbdc, org.springframework.security.web.savedrequest.RequestCacheAwareFilter@36ac8a63, org.springframework.security.web.servletapi.SecurityContextHolderAwareRequestFilter@1fe8d51b, org.springframework.security.web.authentication.AnonymousAuthenticationFilter@475b7792, org.springframework.security.web.session.SessionManagementFilter@3dddbe65, org.springframework.security.web.access.ExceptionTranslationFilter@29539e36, org.springframework.security.web.access.intercept.FilterSecurityInterceptor@54e7391d]
[2018-03-05T12:44:10,450+07:00]  INFO 1130 --- [main] s.w.s.m.m.a.RequestMappingHandlerAdapter : Looking for @ControllerAdvice: org.springframework.boot.context.embedded.AnnotationConfigEmbeddedWebApplicationContext@6a01e23: startup date [Mon Mar 05 12:44:06 WIB 2018]; root of context hierarchy
[2018-03-05T12:44:10,622+07:00]  INFO 1130 --- [main] s.w.s.m.m.a.RequestMappingHandlerMapping : Mapped "{[/logout]}" onto public java.lang.String com.cas.parent.controller.AuthenticationController.logout()
[2018-03-05T12:44:10,624+07:00]  INFO 1130 --- [main] s.w.s.m.m.a.RequestMappingHandlerMapping : Mapped "{[/secured]}" onto public java.lang.String com.cas.parent.controller.AuthenticationController.secured(org.springframework.ui.Model,javax.servlet.http.HttpServletRequest)
[2018-03-05T12:44:10,624+07:00]  INFO 1130 --- [main] s.w.s.m.m.a.RequestMappingHandlerMapping : Mapped "{[/login]}" onto public java.lang.String com.cas.parent.controller.AuthenticationController.login()
[2018-03-05T12:44:10,630+07:00]  INFO 1130 --- [main] s.w.s.m.m.a.RequestMappingHandlerMapping : Mapped "{[/error]}" onto public org.springframework.http.ResponseEntity<java.util.Map<java.lang.String, java.lang.Object>> org.springframework.boot.autoconfigure.web.BasicErrorController.error(javax.servlet.http.HttpServletRequest)
[2018-03-05T12:44:10,630+07:00]  INFO 1130 --- [main] s.w.s.m.m.a.RequestMappingHandlerMapping : Mapped "{[/error],produces=[text/html]}" onto public org.springframework.web.servlet.ModelAndView org.springframework.boot.autoconfigure.web.BasicErrorController.errorHtml(javax.servlet.http.HttpServletRequest,javax.servlet.http.HttpServletResponse)
[2018-03-05T12:44:10,673+07:00]  INFO 1130 --- [main] o.s.w.s.handler.SimpleUrlHandlerMapping  : Mapped URL path [/webjars/**] onto handler of type [class org.springframework.web.servlet.resource.ResourceHttpRequestHandler]
[2018-03-05T12:44:10,673+07:00]  INFO 1130 --- [main] o.s.w.s.handler.SimpleUrlHandlerMapping  : Mapped URL path [/**] onto handler of type [class org.springframework.web.servlet.resource.ResourceHttpRequestHandler]
[2018-03-05T12:44:10,729+07:00]  INFO 1130 --- [main] o.s.w.s.handler.SimpleUrlHandlerMapping  : Mapped URL path [/**/favicon.ico] onto handler of type [class org.springframework.web.servlet.resource.ResourceHttpRequestHandler]
[2018-03-05T12:44:11,041+07:00]  INFO 1130 --- [main] o.s.j.e.a.AnnotationMBeanExporter        : Registering beans for JMX exposure on startup
[2018-03-05T12:44:11,148+07:00]  INFO 1130 --- [main] s.b.c.e.t.TomcatEmbeddedServletContainer : Tomcat started on port(s): 8080 (http)
[2018-03-05T12:44:20,812+07:00]  INFO 1130 --- [http-nio-8080-exec-1] o.s.web.servlet.DispatcherServlet        : FrameworkServlet 'dispatcherServlet': initialization started
[2018-03-05T12:44:20,836+07:00]  INFO 1130 --- [http-nio-8080-exec-1] o.s.web.servlet.DispatcherServlet        : FrameworkServlet 'dispatcherServlet': initialization completed in 23 ms
[2018-03-05T12:45:16,898+07:00]  INFO 1130 --- [Thread-3] ationConfigEmbeddedWebApplicationContext : Closing org.springframework.boot.context.embedded.AnnotationConfigEmbeddedWebApplicationContext@6a01e23: startup date [Mon Mar 05 12:44:06 WIB 2018]; root of context hierarchy
[2018-03-05T12:45:16,901+07:00]  INFO 1130 --- [Thread-3] o.s.j.e.a.AnnotationMBeanExporter        : Unregistering JMX-exposed beans on shutdown
